#
# A fatal error has been detected by the Java Runtime Environment:
#
#  Internal Error (javaClasses.cpp:126), pid=5396, tid=5880
#  fatal error: Invalid layout of preloaded class
#
# JRE version:  (8.0_25-b18) (build )
# Java VM: Java HotSpot(TM) Client VM (25.25-b02 mixed mode windows-x86 )
# Failed to write core dump. Minidumps are not enabled by default on client versions of Windows
#
# If you would like to submit a bug report, please visit:
#   http://bugreport.sun.com/bugreport/crash.jsp
#

---------------  T H R E A D  ---------------

Current thread (0x00b1bc00):  JavaThread "Unknown thread" [_thread_in_vm, id=5880, stack(0x00300000,0x00350000)]

Stack: [0x00300000,0x00350000],  sp=0x0034f45c,  free space=317k
Native frames: (J=compiled Java code, j=interpreted, Vv=VM code, C=native code)
V  [jvm.dll+0x19796b]
V  [jvm.dll+0x1908e6]
V  [jvm.dll+0x3b4e9]
V  [jvm.dll+0x3b69e]
V  [jvm.dll+0x4a063]
V  [jvm.dll+0x9dc8e]
V  [jvm.dll+0x9df52]
V  [jvm.dll+0x145a01]
V  [jvm.dll+0x169ab8]
V  [jvm.dll+0xdaea1]
C  [javaw.exe+0x13e4]
C  [javaw.exe+0x1eb7]
C  [javaw.exe+0xaba1]
C  [javaw.exe+0xac2b]
C  [KERNEL32.DLL+0x1919f]
C  [ntdll.dll+0x4a22b]
C  [ntdll.dll+0x4a201]
C  0x00000000


---------------  P R O C E S S  ---------------

Java Threads: ( => current thread )

Other Threads:

=>0x00b1bc00 (exited) JavaThread "Unknown thread" [_thread_in_vm, id=5880, stack(0x00300000,0x00350000)]

VM state:not at safepoint (not fully initialized)

VM Mutex/Monitor currently owned by a thread: None

GC Heap History (0 events):
No events

Deoptimization events (0 events):
No events

Internal exceptions (0 events):
No events

Events (10 events):
Event: 0.013 loading class java/lang/CharSequence done
Event: 0.013 loading class java/lang/String done
Event: 0.013 loading class java/lang/Class
Event: 0.014 loading class java/lang/reflect/AnnotatedElement
Event: 0.014 loading class java/lang/reflect/AnnotatedElement done
Event: 0.014 loading class java/lang/reflect/GenericDeclaration
Event: 0.014 loading class java/lang/reflect/GenericDeclaration done
Event: 0.014 loading class java/lang/reflect/Type
Event: 0.014 loading class java/lang/reflect/Type done
Event: 0.014 loading class java/lang/Class done


Dynamic libraries:
0x011d0000 - 0x01200000 	C:\Program Files (x86)\Java\jre1.8.0_25\bin\javaw.exe
0x77530000 - 0x77698000 	C:\Windows\SYSTEM32\ntdll.dll
0x75140000 - 0x75280000 	C:\Windows\SYSTEM32\KERNEL32.DLL
0x77110000 - 0x771df000 	C:\Windows\SYSTEM32\KERNELBASE.dll
0x6c530000 - 0x6c5c9000 	C:\Windows\system32\apphelp.dll
0x68630000 - 0x68889000 	C:\Windows\AppPatch\AcGenral.DLL
0x75840000 - 0x758fe000 	C:\Windows\SYSTEM32\msvcrt.dll
0x770d0000 - 0x7710e000 	C:\Windows\SYSTEM32\sechost.dll
0x74f50000 - 0x74f6d000 	C:\Windows\SYSTEM32\SspiCli.dll
0x755b0000 - 0x755f1000 	C:\Windows\SYSTEM32\SHLWAPI.dll
0x74360000 - 0x7443b000 	C:\Windows\SYSTEM32\UxTheme.dll
0x75900000 - 0x75a4f000 	C:\Windows\SYSTEM32\USER32.dll
0x74fe0000 - 0x750e7000 	C:\Windows\SYSTEM32\GDI32.dll
0x6f3e0000 - 0x6f400000 	C:\Windows\SYSTEM32\WINMM.dll
0x6c510000 - 0x6c522000 	C:\Windows\SYSTEM32\samcli.dll
0x77330000 - 0x7743c000 	C:\Windows\SYSTEM32\ole32.dll
0x75300000 - 0x75387000 	C:\Windows\SYSTEM32\OLEAUT32.dll
0x6b1e0000 - 0x6b1f5000 	C:\Windows\SYSTEM32\MSACM32.dll
0x749d0000 - 0x749d8000 	C:\Windows\SYSTEM32\VERSION.dll
0x75a50000 - 0x76c10000 	C:\Windows\SYSTEM32\SHELL32.dll
0x74eb0000 - 0x74ec9000 	C:\Windows\SYSTEM32\USERENV.dll
0x74b70000 - 0x74b88000 	C:\Windows\SYSTEM32\dwmapi.dll
0x6e2c0000 - 0x6e3e0000 	C:\Windows\SYSTEM32\urlmon.dll
0x75280000 - 0x752f8000 	C:\Windows\SYSTEM32\ADVAPI32.dll
0x74b10000 - 0x74b6e000 	C:\Windows\SYSTEM32\WINSPOOL.DRV
0x69160000 - 0x69174000 	C:\Windows\SYSTEM32\MPR.dll
0x76fb0000 - 0x77061000 	C:\Windows\SYSTEM32\RPCRT4.dll
0x74f40000 - 0x74f49000 	C:\Windows\SYSTEM32\CRYPTBASE.dll
0x771e0000 - 0x7732e000 	C:\Windows\SYSTEM32\combase.dll
0x6f3c0000 - 0x6f3e0000 	C:\Windows\SYSTEM32\WINMMBASE.dll
0x74de0000 - 0x74dee000 	C:\Windows\SYSTEM32\profapi.dll
0x73f80000 - 0x74199000 	C:\Windows\SYSTEM32\iertutil.dll
0x741a0000 - 0x7435d000 	C:\Windows\SYSTEM32\WININET.dll
0x74ee0000 - 0x74f33000 	C:\Windows\SYSTEM32\bcryptPrimitives.dll
0x76d70000 - 0x76daa000 	C:\Windows\SYSTEM32\cfgmgr32.dll
0x6c5e0000 - 0x6c5ff000 	C:\Windows\SYSTEM32\DEVOBJ.dll
0x74c30000 - 0x74ca6000 	C:\Windows\SYSTEM32\SHCORE.DLL
0x75390000 - 0x753b5000 	C:\Windows\system32\IMM32.DLL
0x753c0000 - 0x754b7000 	C:\Windows\SYSTEM32\MSCTF.dll
0x74770000 - 0x74956000 	C:\Windows\WinSxS\x86_microsoft.windows.common-controls_6595b64144ccf1df_6.0.9600.17031_none_a9efdb8b01377ea7\COMCTL32.dll
0x68570000 - 0x6862f000 	C:\Program Files (x86)\Java\jre1.8.0_25\bin\msvcr100.dll
0x6bff0000 - 0x6c394000 	C:\Program Files (x86)\Java\jre1.8.0_25\bin\client\jvm.dll
0x6f400000 - 0x6f408000 	C:\Windows\SYSTEM32\WSOCK32.dll
0x76c10000 - 0x76c16000 	C:\Windows\SYSTEM32\PSAPI.DLL
0x754c0000 - 0x7550d000 	C:\Windows\SYSTEM32\WS2_32.dll
0x77440000 - 0x77447000 	C:\Windows\SYSTEM32\NSI.dll
0x6f3b0000 - 0x6f3bc000 	C:\Program Files (x86)\Java\jre1.8.0_25\bin\verify.dll
0x6f380000 - 0x6f3a1000 	C:\Program Files (x86)\Java\jre1.8.0_25\bin\java.dll
0x6f360000 - 0x6f373000 	C:\Program Files (x86)\Java\jre1.8.0_25\bin\zip.dll
0x68420000 - 0x68568000 	C:\Windows\SYSTEM32\dbghelp.dll

VM Arguments:
jvm_args: -Dfile.encoding=Cp1252 -Xbootclasspath:C:\Program Files (x86)\Android\android-sdk\platforms\android-19\android.jar 
java_command: com.badlogic.gdx.graphics.g2d.freetype.FreetypeBuild
java_class_path (initial): C:\Eclipse_proyectos\Minekrash\android\bin\classes;C:\Eclipse_proyectos\Minekrash\core\bin;C:\Users\Kanfor\.gradle\caches\modules-2\files-2.1\com.badlogicgames.gdx\gdx-freetype\1.5.2\de5a9ab0cb0993bf43b81dbbb66ad6dee09e4613\gdx-freetype-1.5.2.jar;C:\Users\Kanfor\.gradle\caches\modules-2\files-2.1\com.badlogicgames.gdx\gdx\1.5.2\4e8961d210e6451fda0f3c4f5b6a0685d61533b9\gdx-1.5.2.jar;C:\Users\Kanfor\.gradle\caches\modules-2\files-2.1\com.badlogicgames.gdx\gdx-backend-android\1.5.2\51f73ee35e73a6d76fd245f83ec3f6a3316744d5\gdx-backend-android-1.5.2.jar
Launcher Type: SUN_STANDARD

Environment Variables:
JAVA_HOME=C:\Program Files\Java\jdk1.8.0_25
PATH=C:/Program Files (x86)/Java/jre1.8.0_25/bin/client;C:/Program Files (x86)/Java/jre1.8.0_25/bin;C:/Program Files (x86)/Java/jre1.8.0_25/lib/i386;C:\ProgramData\Oracle\Java\javapath;C:\Program Files (x86)\NVIDIA Corporation\PhysX\Common;C:\Windows\system32;C:\Windows;C:\Windows\System32\Wbem;C:\Windows\System32\WindowsPowerShell\v1.0\;C:\Program Files\Hewlett-Packard\SimplePass\;C:\Program Files (x86)\eclipse;
USERNAME=Kanfor
OS=Windows_NT
PROCESSOR_IDENTIFIER=Intel64 Family 6 Model 69 Stepping 1, GenuineIntel



---------------  S Y S T E M  ---------------

OS: Windows 8.1 , 64 bit Build 9600 

CPU:total 4 (2 cores per cpu, 2 threads per core) family 6 model 69 stepping 1, cmov, cx8, fxsr, mmx, sse, sse2, sse3, ssse3, sse4.1, sse4.2, popcnt, avx, avx2, aes, clmul, erms, lzcnt, ht, tsc, tscinvbit, bmi1, bmi2

Memory: 4k page, physical 4124504k(2379796k free), swap 4845400k(2931700k free)

vm_info: Java HotSpot(TM) Client VM (25.25-b02) for windows-x86 JRE (1.8.0_25-b18), built on Oct  7 2014 14:31:05 by "java_re" with MS VC++ 10.0 (VS2010)

time: Sun Jan 18 16:42:11 2015
elapsed time: 0 seconds (0d 0h 0m 0s)

